<?xml version="1.0" encoding="UTF-8"?>
<!-- Generated by org.testng.reporters.JUnitXMLReporter -->
<testsuite ignored="3" hostname="DESKTOP-JKMLIMQ" failures="0" tests="1" name="groups_test" time="0.031" errors="0" timestamp="2023-10-17T22:44:09 IST">
  <testcase classname="First_testing.TC_05_learning_groups" name="cart_page_validateion" time="0.008"/>
  <testcase classname="First_testing.TC_05_learning_groups" name="signup_page_validation" time="0.0">
    <ignored/>
  </testcase> <!-- signup_page_validation -->
  <testcase classname="First_testing.TC_05_learning_groups" name="signin_page_validation" time="0.0">
    <ignored/>
  </testcase> <!-- signin_page_validation -->
  <testcase classname="First_testing.TC_05_learning_groups" name="home_page_validation" time="0.0">
    <ignored/>
  </testcase> <!-- home_page_validation -->
</testsuite> <!-- groups_test -->
